  SFML_Game.cpp
c:\users\user\documents\visual studio 2015\projects\sfml_game\sfml_game.cpp(27): warning C4018: <: несоответствие типов со знаком и без знака
c:\users\user\documents\visual studio 2015\projects\sfml_game\sfml_game.cpp(35): warning C4018: <: несоответствие типов со знаком и без знака
c:\users\user\documents\visual studio 2015\projects\sfml_game\sfml_game.cpp(37): warning C4018: <: несоответствие типов со знаком и без знака
c:\users\user\documents\visual studio 2015\projects\sfml_game\sfml_game.cpp(52): warning C4244: аргумент: преобразование "size_t" в "float", возможна потеря данных
c:\users\user\documents\visual studio 2015\projects\sfml_game\sfml_game.cpp(60): warning C4244: аргумент: преобразование "time_t" в "unsigned int", возможна потеря данных
c:\users\user\documents\visual studio 2015\projects\sfml_game\sfml_game.cpp(61): warning C4018: <: несоответствие типов со знаком и без знака
c:\users\user\documents\visual studio 2015\projects\sfml_game\sfml_game.cpp(75): warning C4018: <: несоответствие типов со знаком и без знака
c:\users\user\documents\visual studio 2015\projects\sfml_game\sfml_game.cpp(104): warning C4244: аргумент: преобразование "int" в "float", возможна потеря данных
c:\users\user\documents\visual studio 2015\projects\sfml_game\sfml_game.cpp(171): warning C4018: <: несоответствие типов со знаком и без знака
c:\users\user\documents\visual studio 2015\projects\sfml_game\sfml_game.cpp(276): warning C4018: <: несоответствие типов со знаком и без знака
c:\users\user\documents\visual studio 2015\projects\sfml_game\sfml_game.cpp(278): warning C4244: аргумент: преобразование "int" в "float", возможна потеря данных
c:\users\user\documents\visual studio 2015\projects\sfml_game\sfml_game.cpp(291): warning C4018: <: несоответствие типов со знаком и без знака
c:\users\user\documents\visual studio 2015\projects\sfml_game\sfml_game.cpp(293): warning C4244: аргумент: преобразование "int" в "float", возможна потеря данных
c:\users\user\documents\visual studio 2015\projects\sfml_game\sfml_game.cpp(303): warning C4018: <: несоответствие типов со знаком и без знака
c:\users\user\documents\visual studio 2015\projects\sfml_game\sfml_game.cpp(305): warning C4244: аргумент: преобразование "int" в "float", возможна потеря данных
c:\users\user\documents\visual studio 2015\projects\sfml_game\sfml_game.cpp(315): warning C4244: аргумент: преобразование "int" в "float", возможна потеря данных
c:\users\user\documents\visual studio 2015\projects\sfml_game\sfml_game.cpp(360): warning C4018: <: несоответствие типов со знаком и без знака
c:\users\user\documents\visual studio 2015\projects\sfml_game\sfml_game.cpp(362): warning C4244: аргумент: преобразование "int" в "float", возможна потеря данных
c:\users\user\documents\visual studio 2015\projects\sfml_game\sfml_game.cpp(372): warning C4018: <: несоответствие типов со знаком и без знака
c:\users\user\documents\visual studio 2015\projects\sfml_game\sfml_game.cpp(390): warning C4018: <: несоответствие типов со знаком и без знака
c:\users\user\documents\visual studio 2015\projects\sfml_game\sfml_game.cpp(397): warning C4018: <: несоответствие типов со знаком и без знака
c:\users\user\documents\visual studio 2015\projects\sfml_game\sfml_game.cpp(405): warning C4018: <: несоответствие типов со знаком и без знака
c:\users\user\documents\visual studio 2015\projects\sfml_game\sfml_game.cpp(422): warning C4018: <: несоответствие типов со знаком и без знака
c:\users\user\documents\visual studio 2015\projects\sfml_game\sfml_game.cpp(425): warning C4018: <: несоответствие типов со знаком и без знака
c:\users\user\documents\visual studio 2015\projects\sfml_game\sfml_game.cpp(438): warning C4018: <: несоответствие типов со знаком и без знака
c:\users\user\documents\visual studio 2015\projects\sfml_game\sfml_game.cpp(441): warning C4018: <: несоответствие типов со знаком и без знака
c:\users\user\documents\visual studio 2015\projects\sfml_game\sfml_game.cpp(454): warning C4018: <: несоответствие типов со знаком и без знака
c:\users\user\documents\visual studio 2015\projects\sfml_game\sfml_game.cpp(457): warning C4018: <: несоответствие типов со знаком и без знака
c:\users\user\documents\visual studio 2015\projects\sfml_game\sfml_game.cpp(467): warning C4018: <: несоответствие типов со знаком и без знака
c:\users\user\documents\visual studio 2015\projects\sfml_game\sfml_game.cpp(470): warning C4018: <: несоответствие типов со знаком и без знака
c:\users\user\documents\visual studio 2015\projects\sfml_game\sfml_game.cpp(480): warning C4018: <: несоответствие типов со знаком и без знака
c:\users\user\documents\visual studio 2015\projects\sfml_game\sfml_game.cpp(483): warning C4018: <: несоответствие типов со знаком и без знака
c:\users\user\documents\visual studio 2015\projects\sfml_game\sfml_game.cpp(493): warning C4018: <: несоответствие типов со знаком и без знака
c:\users\user\documents\visual studio 2015\projects\sfml_game\sfml_game.cpp(496): warning C4018: <: несоответствие типов со знаком и без знака
  SFML_Game.vcxproj -> C:\Users\User\Documents\Visual Studio 2015\Projects\SFML_Game\Debug\SFML_Game.exe
